<?xml version="1.0" encoding="UTF-8"?>
<testsuite name="com.example.myAirlineUserService.models.ConfirmationTokenTest" tests="2" skipped="0" failures="0" errors="0" timestamp="2023-04-18T18:12:00" hostname="THINKBOOK-16P" time="0.008">
  <properties/>
  <testcase name="isExpired_shouldBeTrue()" classname="com.example.myAirlineUserService.models.ConfirmationTokenTest" time="0.005"/>
  <testcase name="isExpired_shouldBeFalse()" classname="com.example.myAirlineUserService.models.ConfirmationTokenTest" time="0.001"/>
  <system-out><![CDATA[]]></system-out>
  <system-err><![CDATA[]]></system-err>
</testsuite>
