<?xml version="1.0" encoding="UTF-8"?>
<testsuite name="com.example.myAirlineUserService.MyAirlineUserServiceApplicationTests" tests="1" skipped="0" failures="0" errors="0" timestamp="2023-04-18T18:12:00" hostname="THINKBOOK-16P" time="0.354">
  <properties/>
  <testcase name="contextLoads()" classname="com.example.myAirlineUserService.MyAirlineUserServiceApplicationTests" time="0.354"/>
  <system-out><![CDATA[20:11:51.580 [Test worker] DEBUG org.springframework.boot.test.context.SpringBootTestContextBootstrapper -- Neither @ContextConfiguration nor @ContextHierarchy found for test class [MyAirlineUserServiceApplicationTests]: using SpringBootContextLoader
20:11:51.589 [Test worker] DEBUG org.springframework.test.context.support.AbstractContextLoader -- Could not detect default resource locations for test class [com.example.myAirlineUserService.MyAirlineUserServiceApplicationTests]: no resource found for suffixes {-context.xml, Context.groovy}.
20:11:51.590 [Test worker] INFO org.springframework.test.context.support.AnnotationConfigContextLoaderUtils -- Could not detect default configuration classes for test class [com.example.myAirlineUserService.MyAirlineUserServiceApplicationTests]: MyAirlineUserServiceApplicationTests does not declare any static, non-private, non-final, nested classes annotated with @Configuration.
20:11:51.619 [Test worker] DEBUG org.springframework.boot.test.context.SpringBootTestContextBootstrapper -- Using ContextCustomizers for test class [MyAirlineUserServiceApplicationTests]: [DisableObservabilityContextCustomizer, PropertyMappingContextCustomizer, Customizer, ExcludeFilterContextCustomizer, DuplicateJsonObjectContextCustomizer, MockitoContextCustomizer, TestRestTemplateContextCustomizer]
20:11:51.716 [Test worker] DEBUG org.springframework.context.annotation.ClassPathScanningCandidateComponentProvider -- Identified candidate component class: file [C:\Users\TecFox\OneDrive - TecFox GmbH\Dokumente\Code\GitHub\myAirline-userService\build\classes\java\main\com\example\myAirlineUserService\MyAirlineUserServiceApplication.class]
20:11:51.718 [Test worker] INFO org.springframework.boot.test.context.SpringBootTestContextBootstrapper -- Found @SpringBootConfiguration com.example.myAirlineUserService.MyAirlineUserServiceApplication for test class com.example.myAirlineUserService.MyAirlineUserServiceApplicationTests
20:11:51.892 [Test worker] DEBUG org.springframework.boot.test.context.SpringBootTestContextBootstrapper -- Using TestExecutionListeners for test class [MyAirlineUserServiceApplicationTests]: [ServletTestExecutionListener, DirtiesContextBeforeModesTestExecutionListener, ApplicationEventsTestExecutionListener, MockitoTestExecutionListener, DependencyInjectionTestExecutionListener, DirtiesContextTestExecutionListener, TransactionalTestExecutionListener, SqlScriptsTestExecutionListener, WithSecurityContextTestExecutionListener, EventPublishingTestExecutionListener, ReactorContextTestExecutionListener, RestDocsTestExecutionListener, MockRestServiceServerResetTestExecutionListener, MockMvcPrintOnlyOnFailureTestExecutionListener, WebDriverTestExecutionListener, MockWebServiceServerTestExecutionListener, ResetMocksTestExecutionListener]
20:11:51.895 [Test worker] DEBUG org.springframework.test.context.support.AbstractDirtiesContextTestExecutionListener -- Before test class: class [MyAirlineUserServiceApplicationTests], class annotated with @DirtiesContext [false] with mode [null]

  .   ____          _            __ _ _
 /\\ / ___'_ __ _ _(_)_ __  __ _ \ \ \ \
( ( )\___ | '_ | '_| | '_ \/ _` | \ \ \ \
 \\/  ___)| |_)| | | | | || (_| |  ) ) ) )
  '  |____| .__|_| |_|_| |_\__, | / / / /
 =========|_|==============|___/=/_/_/_/
 :: Spring Boot ::                (v3.0.5)

2023-04-18T20:11:52.475+02:00  INFO 18420 --- [    Test worker] e.m.MyAirlineUserServiceApplicationTests : Starting MyAirlineUserServiceApplicationTests using Java 17.0.6 with PID 18420 (started by TecFox in C:\Users\TecFox\OneDrive - TecFox GmbH\Dokumente\Code\GitHub\myAirline-userService)
2023-04-18T20:11:52.478+02:00  INFO 18420 --- [    Test worker] e.m.MyAirlineUserServiceApplicationTests : No active profile set, falling back to 1 default profile: "default"
2023-04-18T20:11:53.510+02:00  INFO 18420 --- [    Test worker] .s.d.r.c.RepositoryConfigurationDelegate : Bootstrapping Spring Data JPA repositories in DEFAULT mode.
2023-04-18T20:11:53.663+02:00  INFO 18420 --- [    Test worker] .s.d.r.c.RepositoryConfigurationDelegate : Finished Spring Data repository scanning in 137 ms. Found 2 JPA repository interfaces.
2023-04-18T20:11:54.339+02:00  INFO 18420 --- [    Test worker] trationDelegate$BeanPostProcessorChecker : Bean 'org.springframework.ws.config.annotation.DelegatingWsConfiguration' of type [org.springframework.ws.config.annotation.DelegatingWsConfiguration$$SpringCGLIB$$0] is not eligible for getting processed by all BeanPostProcessors (for example: not eligible for auto-proxying)
2023-04-18T20:11:54.378+02:00  INFO 18420 --- [    Test worker] .w.s.a.s.AnnotationActionEndpointMapping : Supporting [WS-Addressing August 2004, WS-Addressing 1.0]
2023-04-18T20:11:54.675+02:00  INFO 18420 --- [    Test worker] o.hibernate.jpa.internal.util.LogHelper  : HHH000204: Processing PersistenceUnitInfo [name: default]
2023-04-18T20:11:54.790+02:00  INFO 18420 --- [    Test worker] org.hibernate.Version                    : HHH000412: Hibernate ORM core version 6.1.7.Final
2023-04-18T20:11:55.355+02:00  INFO 18420 --- [    Test worker] com.zaxxer.hikari.HikariDataSource       : HikariPool-1 - Starting...
2023-04-18T20:11:55.608+02:00  INFO 18420 --- [    Test worker] com.zaxxer.hikari.pool.HikariPool        : HikariPool-1 - Added connection org.postgresql.jdbc.PgConnection@5e24592e
2023-04-18T20:11:55.612+02:00  INFO 18420 --- [    Test worker] com.zaxxer.hikari.HikariDataSource       : HikariPool-1 - Start completed.
2023-04-18T20:11:55.696+02:00  INFO 18420 --- [    Test worker] SQL dialect                              : HHH000400: Using dialect: org.hibernate.dialect.PostgreSQLDialect
2023-04-18T20:11:57.497+02:00  INFO 18420 --- [    Test worker] o.h.e.t.j.p.i.JtaPlatformInitiator       : HHH000490: Using JtaPlatform implementation: [org.hibernate.engine.transaction.jta.platform.internal.NoJtaPlatform]
2023-04-18T20:11:57.513+02:00  INFO 18420 --- [    Test worker] j.LocalContainerEntityManagerFactoryBean : Initialized JPA EntityManagerFactory for persistence unit 'default'
2023-04-18T20:11:59.726+02:00  INFO 18420 --- [    Test worker] o.s.s.web.DefaultSecurityFilterChain     : Will secure any request with [org.springframework.security.web.session.DisableEncodeUrlFilter@2fca9fae, org.springframework.security.web.context.request.async.WebAsyncManagerIntegrationFilter@1104ad6a, org.springframework.security.web.context.SecurityContextHolderFilter@68838767, org.springframework.security.web.header.HeaderWriterFilter@9ba167e, org.springframework.security.web.savedrequest.RequestCacheAwareFilter@1f381eaf, org.springframework.security.web.servletapi.SecurityContextHolderAwareRequestFilter@5cff6d1d, org.springframework.security.web.authentication.AnonymousAuthenticationFilter@54d2887a, org.springframework.security.web.access.ExceptionTranslationFilter@17e66aed, org.springframework.security.web.access.intercept.AuthorizationFilter@62cb977a]
2023-04-18T20:12:00.530+02:00  INFO 18420 --- [    Test worker] e.m.MyAirlineUserServiceApplicationTests : Started MyAirlineUserServiceApplicationTests in 8.557 seconds (process running for 11.309)
]]></system-out>
  <system-err><![CDATA[]]></system-err>
</testsuite>
